2022-05-04 21:04:27.359 -04:00 [INF] Now listening on: https://localhost:5001
2022-05-04 21:04:27.417 -04:00 [INF] Now listening on: http://localhost:5000
2022-05-04 21:04:27.421 -04:00 [INF] Application started. Press Ctrl+C to shut down.
2022-05-04 21:04:27.422 -04:00 [INF] Hosting environment: DEV
2022-05-04 21:04:27.424 -04:00 [INF] Content root path: D:\Projects\gitisz\Snappy\src\Snappy.API
2022-05-04 21:04:27.653 -04:00 [INF] HTTP GET / responded 200 in 37.5197 ms
2022-05-04 21:04:44.549 -04:00 [INF] HTTP POST /snappy/hub/negotiate?negotiateVersion=1 responded 200 in 14.2740 ms
2022-05-04 21:04:44.608 -04:00 [INF] HTTP POST /snappy/hub/negotiate?negotiateVersion=1 responded 200 in 0.9067 ms
2022-05-04 21:04:44.670 -04:00 [INF] HTTP POST /snappy/hub?id=xpdu4T3Ej21_bpV5ILlX3w responded 200 in 1.5335 ms
2022-05-04 21:04:44.693 -04:00 [INF] HTTP POST /snappy/hub?id=xpdu4T3Ej21_bpV5ILlX3w responded 200 in 0.1455 ms
2022-05-04 21:04:44.699 -04:00 [INF] SnappyHubClient. OnConnectedAsync: oeFLP1pHYe0ZYFC8JxT_Nw
2022-05-04 21:04:44.783 -04:00 [INF] HTTP POST /snappy/hub/negotiate?negotiateVersion=1 responded 200 in 0.1187 ms
2022-05-04 21:04:44.790 -04:00 [INF] HTTP POST /snappy/hub/negotiate?negotiateVersion=1 responded 200 in 0.0960 ms
2022-05-04 21:04:44.796 -04:00 [INF] HTTP POST /snappy/hub?id=0Dv3zYWOfoak2jyNmcELKw responded 200 in 0.0631 ms
2022-05-04 21:04:44.798 -04:00 [INF] SnappyHubClient. OnConnectedAsync: T_bVvLoyQPc2-ajSkZdJgQ
2022-05-04 21:04:44.799 -04:00 [INF] HTTP POST /snappy/hub?id=0Dv3zYWOfoak2jyNmcELKw responded 200 in 0.0972 ms
2022-05-04 21:04:59.716 -04:00 [INF] HTTP POST /snappy/hub?id=xpdu4T3Ej21_bpV5ILlX3w responded 200 in 0.3521 ms
2022-05-04 21:04:59.814 -04:00 [INF] HTTP POST /snappy/hub?id=0Dv3zYWOfoak2jyNmcELKw responded 200 in 0.2091 ms
2022-05-04 21:05:15.704 -04:00 [INF] HTTP POST /snappy/hub?id=xpdu4T3Ej21_bpV5ILlX3w responded 200 in 1.2586 ms
2022-05-04 21:05:15.815 -04:00 [INF] HTTP POST /snappy/hub?id=0Dv3zYWOfoak2jyNmcELKw responded 200 in 0.2245 ms
2022-05-04 21:05:30.711 -04:00 [INF] HTTP POST /snappy/hub?id=xpdu4T3Ej21_bpV5ILlX3w responded 200 in 0.2333 ms
2022-05-04 21:05:31.806 -04:00 [INF] HTTP POST /snappy/hub?id=0Dv3zYWOfoak2jyNmcELKw responded 200 in 0.2863 ms
2022-05-04 21:05:45.711 -04:00 [INF] HTTP POST /snappy/hub?id=xpdu4T3Ej21_bpV5ILlX3w responded 200 in 0.2490 ms
2022-05-04 21:05:46.805 -04:00 [INF] HTTP POST /snappy/hub?id=0Dv3zYWOfoak2jyNmcELKw responded 200 in 0.2645 ms
2022-05-04 21:06:01.699 -04:00 [INF] HTTP POST /snappy/hub?id=xpdu4T3Ej21_bpV5ILlX3w responded 200 in 0.2542 ms
2022-05-04 21:06:01.809 -04:00 [INF] HTTP POST /snappy/hub?id=0Dv3zYWOfoak2jyNmcELKw responded 200 in 0.2393 ms
2022-05-04 21:06:15.955 -04:00 [INF] SnappyHubClient.OnDisconnectedAsync: oeFLP1pHYe0ZYFC8JxT_Nw
2022-05-04 21:06:15.955 -04:00 [INF] SnappyHubClient.OnDisconnectedAsync: oeFLP1pHYe0ZYFC8JxT_Nw
2022-05-04 21:06:15.958 -04:00 [INF] HTTP GET /snappy/hub?id=0Dv3zYWOfoak2jyNmcELKw responded 200 in 91165.9933 ms
2022-05-04 21:06:15.958 -04:00 [INF] HTTP GET /snappy/hub?id=xpdu4T3Ej21_bpV5ILlX3w responded 200 in 91347.0351 ms
2022-05-04 21:06:26.506 -04:00 [INF] HTTP POST /snappy/hub/negotiate?negotiateVersion=1 responded 200 in 0.3621 ms
2022-05-04 21:06:26.557 -04:00 [INF] HTTP POST /snappy/hub/negotiate?negotiateVersion=1 responded 200 in 0.0776 ms
2022-05-04 21:06:26.612 -04:00 [INF] SnappyHubClient. OnConnectedAsync: F6yMLtgUaaa8oErESZSDqQ
2022-05-04 21:06:26.611 -04:00 [INF] HTTP POST /snappy/hub?id=1jF2jN9nxg595bj_4xOBkg responded 200 in 0.1203 ms
2022-05-04 21:06:26.625 -04:00 [INF] HTTP POST /snappy/hub?id=1jF2jN9nxg595bj_4xOBkg responded 200 in 0.0870 ms
2022-05-04 21:06:26.710 -04:00 [INF] HTTP POST /snappy/hub/negotiate?negotiateVersion=1 responded 200 in 0.1541 ms
2022-05-04 21:06:26.718 -04:00 [INF] HTTP POST /snappy/hub/negotiate?negotiateVersion=1 responded 200 in 0.1253 ms
2022-05-04 21:06:26.730 -04:00 [INF] SnappyHubClient. OnConnectedAsync: TtxNdMJ82CaCORf1sbJMiQ
2022-05-04 21:06:26.730 -04:00 [INF] HTTP POST /snappy/hub?id=IJmpmMBqqVTn2Hr5jhnNQw responded 200 in 0.0864 ms
2022-05-04 21:06:26.734 -04:00 [INF] HTTP POST /snappy/hub?id=IJmpmMBqqVTn2Hr5jhnNQw responded 200 in 0.8480 ms
2022-05-04 21:06:41.630 -04:00 [INF] HTTP POST /snappy/hub?id=1jF2jN9nxg595bj_4xOBkg responded 200 in 0.1996 ms
2022-05-04 21:06:41.742 -04:00 [INF] HTTP POST /snappy/hub?id=IJmpmMBqqVTn2Hr5jhnNQw responded 200 in 0.1841 ms
2022-05-04 21:06:56.642 -04:00 [INF] HTTP POST /snappy/hub?id=1jF2jN9nxg595bj_4xOBkg responded 200 in 0.1866 ms
2022-05-04 21:06:56.754 -04:00 [INF] HTTP POST /snappy/hub?id=IJmpmMBqqVTn2Hr5jhnNQw responded 200 in 0.1901 ms
2022-05-04 21:07:11.643 -04:00 [INF] HTTP POST /snappy/hub?id=1jF2jN9nxg595bj_4xOBkg responded 200 in 0.1851 ms
2022-05-04 21:07:12.745 -04:00 [INF] HTTP POST /snappy/hub?id=IJmpmMBqqVTn2Hr5jhnNQw responded 200 in 0.2284 ms
2022-05-04 21:07:24.322 -04:00 [INF] SnappyHubClient.OnDisconnectedAsync: F6yMLtgUaaa8oErESZSDqQ
2022-05-04 21:07:24.322 -04:00 [INF] SnappyHubClient.OnDisconnectedAsync: TtxNdMJ82CaCORf1sbJMiQ
2022-05-04 21:07:24.324 -04:00 [INF] HTTP GET /snappy/hub?id=1jF2jN9nxg595bj_4xOBkg responded 200 in 57761.4913 ms
2022-05-04 21:07:24.324 -04:00 [INF] HTTP GET /snappy/hub?id=IJmpmMBqqVTn2Hr5jhnNQw responded 200 in 57603.0500 ms
